<?xml version="1.0" encoding="UTF-8"?>
<!-- Generated by org.testng.reporters.JUnitXMLReporter -->
<testsuite ignored="6" hostname="DESKTOP-UELT5HV" failures="1" tests="13" name="TestReportNG" time="437.814" errors="0" timestamp="2020-10-29T20:20:28 PKT">
  <testcase classname="TestCases.Main" name="@AfterTest tearDown" time="60.015">
    <failure type="org.openqa.selenium.WebDriverException" message="An unknown server-side error occurred while processing the command. Original error: Could not proxy. Proxy error: Request failed with status code 404
Build info: version: &amp;apos;3.141.59&amp;apos;, revision: &amp;apos;e82be7d358&amp;apos;, time: &amp;apos;2018-11-14T08:17:03&amp;apos;
System info: host: &amp;apos;DESKTOP-UELT5HV&amp;apos;, ip: &amp;apos;10.32.8.18&amp;apos;, os.name: &amp;apos;Windows 10&amp;apos;, os.arch: &amp;apos;amd64&amp;apos;, os.version: &amp;apos;10.0&amp;apos;, java.version: &amp;apos;15&amp;apos;
Driver info: io.appium.java_client.AppiumDriver
Capabilities {adbExecTimeout: 0, app: D:\Owlyfield.apk, appActivity: .MainActivity, appPackage: io.ionic.owlyfield, automationName: UIAutomator2, avd: Pixel_XL_API_30_Ahmad, databaseEnabled: false, desired: {adbExecTimeout: 0, app: D:\Owlyfield.apk, appActivity: .MainActivity, appPackage: io.ionic.owlyfield, automationName: UIAutomator2, avd: Pixel_XL_API_30_Ahmad, deviceName: Mi A3, newCommandTimeout: 0, platformName: android, platformVersion: 11}, deviceApiLevel: 30, deviceManufacturer: Google, deviceModel: sdk_gphone_x86_arm, deviceName: emulator-5554, deviceScreenDensity: 560, deviceScreenSize: 1440x2560, deviceUDID: emulator-5554, javascriptEnabled: true, locationContextEnabled: false, networkConnectionEnabled: true, newCommandTimeout: 0, pixelRatio: 3.5, platform: LINUX, platformName: Android, platformVersion: 11, statBarHeight: 84, takesScreenshot: true, viewportRect: {height: 2308, left: 0, top: 84, width: 1440}, warnings: {}, webStorageEnabled: false}
Session ID: cb403ab5-554e-4461-be1c-6d4ed51eb6fa">
      <![CDATA[org.openqa.selenium.WebDriverException: An unknown server-side error occurred while processing the command. Original error: Could not proxy. Proxy error: Request failed with status code 404
Build info: version: '3.141.59', revision: 'e82be7d358', time: '2018-11-14T08:17:03'
System info: host: 'DESKTOP-UELT5HV', ip: '10.32.8.18', os.name: 'Windows 10', os.arch: 'amd64', os.version: '10.0', java.version: '15'
Driver info: io.appium.java_client.AppiumDriver
Capabilities {adbExecTimeout: 0, app: D:\Owlyfield.apk, appActivity: .MainActivity, appPackage: io.ionic.owlyfield, automationName: UIAutomator2, avd: Pixel_XL_API_30_Ahmad, databaseEnabled: false, desired: {adbExecTimeout: 0, app: D:\Owlyfield.apk, appActivity: .MainActivity, appPackage: io.ionic.owlyfield, automationName: UIAutomator2, avd: Pixel_XL_API_30_Ahmad, deviceName: Mi A3, newCommandTimeout: 0, platformName: android, platformVersion: 11}, deviceApiLevel: 30, deviceManufacturer: Google, deviceModel: sdk_gphone_x86_arm, deviceName: emulator-5554, deviceScreenDensity: 560, deviceScreenSize: 1440x2560, deviceUDID: emulator-5554, javascriptEnabled: true, locationContextEnabled: false, networkConnectionEnabled: true, newCommandTimeout: 0, pixelRatio: 3.5, platform: LINUX, platformName: Android, platformVersion: 11, statBarHeight: 84, takesScreenshot: true, viewportRect: {height: 2308, left: 0, top: 84, width: 1440}, warnings: {}, webStorageEnabled: false}
Session ID: cb403ab5-554e-4461-be1c-6d4ed51eb6fa
at org.openqa.selenium.remote.http.W3CHttpResponseCodec.createException(W3CHttpResponseCodec.java:187)
at org.openqa.selenium.remote.http.W3CHttpResponseCodec.decode(W3CHttpResponseCodec.java:122)
at org.openqa.selenium.remote.http.W3CHttpResponseCodec.decode(W3CHttpResponseCodec.java:49)
at org.openqa.selenium.remote.HttpCommandExecutor.execute(HttpCommandExecutor.java:158)
at io.appium.java_client.remote.AppiumCommandExecutor.execute(AppiumCommandExecutor.java:239)
at org.openqa.selenium.remote.RemoteWebDriver.execute(RemoteWebDriver.java:552)
at io.appium.java_client.DefaultGenericMobileDriver.execute(DefaultGenericMobileDriver.java:45)
at io.appium.java_client.AppiumDriver.execute(AppiumDriver.java:1)
at org.openqa.selenium.remote.RemoteWebDriver.close(RemoteWebDriver.java:442)
at TestCases.Main.tearDown(Main.java:57)
... Removed 29 stack frames]]>
    </failure>
  </testcase> <!-- @AfterTest tearDown -->
  <testcase classname="TestCases.ProgramTestClass" name="createProgramAndPhase" time="40.303"/>
  <testcase classname="TestCases.ProgramTestClass" name="createRegistrationStep" time="11.799"/>
  <testcase classname="TestCases.ProgramTestClass" name="ReviewRegistration" time="13.856"/>
  <testcase classname="TestCases.ProgramTestClass" name="GuidingStep" time="16.582"/>
  <testcase classname="TestCases.ProgramTestClass" name="ReviewGuiding" time="10.662"/>
  <testcase classname="TestCases.ProgramTestClass" name="CAPStep" time="13.578"/>
  <testcase classname="TestCases.ProgramTestClass" name="ReviewCAP" time="10.182"/>
  <testcase classname="TestCases.FillRegistrationTestClass" name="testWebRegistrationSurvey" time="35.445"/>
  <testcase classname="TestCases.VerifyReviewRegistrationTestClass" name="verifyAcceptVendorRegistrationApplication" time="93.809"/>
  <testcase classname="TestCases.NESTAppTests" name="TestOne" time="116.558"/>
  <testcase classname="TestCases.VerifyTestSettings" name="VerifyVendorMgmtPageLoading" time="0.001"/>
  <testcase classname="TestCases.VerifyTestSettings" name="VerifyVendorSearch" time="0.001"/>
  <testcase classname="TestCases.VerifyTestSettings" name="VerifyVendorSearch1" time="0.003">
    <failure type="java.lang.AssertionError" message="expected [false] but found [true]">
      <![CDATA[java.lang.AssertionError: expected [false] but found [true]
at TestCases.VerifyTestSettings.VerifyVendorSearch1(VerifyTestSettings.java:71)
at java.base/java.util.ArrayList.forEach(ArrayList.java:1511)
... Removed 31 stack frames]]>
    </failure>
  </testcase> <!-- VerifyVendorSearch1 -->
  <testcase classname="Common.BaseClass" name="@BeforeSuite setupApplication" time="0.0">
    <ignored/>
  </testcase> <!-- @BeforeSuite setupApplication -->
  <testcase classname="Common.BaseClass" name="@BeforeSuite setupApplication" time="0.0">
    <ignored/>
  </testcase> <!-- @BeforeSuite setupApplication -->
  <testcase classname="Common.BaseClass" name="@BeforeSuite setupApplication" time="0.0">
    <ignored/>
  </testcase> <!-- @BeforeSuite setupApplication -->
  <testcase classname="Common.BaseClass" name="@AfterSuite closeApplication" time="0.0">
    <ignored/>
  </testcase> <!-- @AfterSuite closeApplication -->
  <testcase classname="Common.BaseClass" name="@AfterSuite closeApplication" time="0.0">
    <ignored/>
  </testcase> <!-- @AfterSuite closeApplication -->
  <testcase classname="Common.BaseClass" name="@AfterSuite closeApplication" time="0.0">
    <ignored/>
  </testcase> <!-- @AfterSuite closeApplication -->
</testsuite> <!-- TestReportNG -->
