<html>
<head>
<title>TestNG:  TestReportNG</title>
<link href="../testng.css" rel="stylesheet" type="text/css" />
<link href="../my-testng.css" rel="stylesheet" type="text/css" />

<style type="text/css">
.log { display: none;} 
.stack-trace { display: none;} 
</style>
<script type="text/javascript">
<!--
function flip(e) {
  current = e.style.display;
  if (current == 'block') {
    e.style.display = 'none';
    return 0;
  }
  else {
    e.style.display = 'block';
    return 1;
  }
}

function toggleBox(szDivId, elem, msg1, msg2)
{
  var res = -1;  if (document.getElementById) {
    res = flip(document.getElementById(szDivId));
  }
  else if (document.all) {
    // this is the way old msie versions work
    res = flip(document.all[szDivId]);
  }
  if(elem) {
    if(res == 0) elem.innerHTML = msg1; else elem.innerHTML = msg2;
  }

}

function toggleAllBoxes() {
  if (document.getElementsByTagName) {
    d = document.getElementsByTagName('div');
    for (i = 0; i < d.length; i++) {
      if (d[i].className == 'log') {
        flip(d[i]);
      }
    }
  }
}

// -->
</script>

</head>
<body>
<h2 align='center'>TestReportNG</h2><table border='1' align="center">
<tr>
<td>Tests passed/Failed/Skipped:</td><td>12/1/0</td>
</tr><tr>
<td>Started on:</td><td>Thu Oct 29 20:13:10 PKT 2020</td>
</tr>
<tr><td>Total time:</td><td>437 seconds (437814 ms)</td>
</tr><tr>
<td>Included groups:</td><td></td>
</tr><tr>
<td>Excluded groups:</td><td></td>
</tr>
</table><p/>
<small><i>(Hover the method name to see the test class name)</i></small><p/>
<table width='100%' border='1' class='invocation-failed'>
<tr><td colspan='4' align='center'><b>FAILED CONFIGURATIONS</b></td></tr>
<tr><td><b>Test method</b></td>
<td width="30%"><b>Exception</b></td>
<td width="10%"><b>Time (seconds)</b></td>
<td><b>Instance</b></td>
</tr>
<tr>
<td title='TestCases.NESTAppTests.tearDown()'><b>tearDown</b><br>Test class: TestCases.NESTAppTests</td>
<td><div><pre>org.openqa.selenium.WebDriverException: An unknown server-side error occurred while processing the command. Original error: Could not proxy. Proxy error: Request failed with status code 404
Build info: version: &apos;3.141.59&apos;, revision: &apos;e82be7d358&apos;, time: &apos;2018-11-14T08:17:03&apos;
System info: host: &apos;DESKTOP-UELT5HV&apos;, ip: &apos;10.32.8.18&apos;, os.name: &apos;Windows 10&apos;, os.arch: &apos;amd64&apos;, os.version: &apos;10.0&apos;, java.version: &apos;15&apos;
Driver info: io.appium.java_client.AppiumDriver
Capabilities {adbExecTimeout: 0, app: D:\Owlyfield.apk, appActivity: .MainActivity, appPackage: io.ionic.owlyfield, automationName: UIAutomator2, avd: Pixel_XL_API_30_Ahmad, databaseEnabled: false, desired: {adbExecTimeout: 0, app: D:\Owlyfield.apk, appActivity: .MainActivity, appPackage: io.ionic.owlyfield, automationName: UIAutomator2, avd: Pixel_XL_API_30_Ahmad, deviceName: Mi A3, newCommandTimeout: 0, platformName: android, platformVersion: 11}, deviceApiLevel: 30, deviceManufacturer: Google, deviceModel: sdk_gphone_x86_arm, deviceName: emulator-5554, deviceScreenDensity: 560, deviceScreenSize: 1440x2560, deviceUDID: emulator-5554, javascriptEnabled: true, locationContextEnabled: false, networkConnectionEnabled: true, newCommandTimeout: 0, pixelRatio: 3.5, platform: LINUX, platformName: Android, platformVersion: 11, statBarHeight: 84, takesScreenshot: true, viewportRect: {height: 2308, left: 0, top: 84, width: 1440}, warnings: {}, webStorageEnabled: false}
Session ID: cb403ab5-554e-4461-be1c-6d4ed51eb6fa
	at org.openqa.selenium.remote.http.W3CHttpResponseCodec.createException(W3CHttpResponseCodec.java:187)
	at org.openqa.selenium.remote.http.W3CHttpResponseCodec.decode(W3CHttpResponseCodec.java:122)
	at org.openqa.selenium.remote.http.W3CHttpResponseCodec.decode(W3CHttpResponseCodec.java:49)
	at org.openqa.selenium.remote.HttpCommandExecutor.execute(HttpCommandExecutor.java:158)
	at io.appium.java_client.remote.AppiumCommandExecutor.execute(AppiumCommandExecutor.java:239)
	at org.openqa.selenium.remote.RemoteWebDriver.execute(RemoteWebDriver.java:552)
	at io.appium.java_client.DefaultGenericMobileDriver.execute(DefaultGenericMobileDriver.java:45)
	at io.appium.java_client.AppiumDriver.execute(AppiumDriver.java:1)
	at org.openqa.selenium.remote.RemoteWebDriver.close(RemoteWebDriver.java:442)
	at TestCases.Main.tearDown(Main.java:57)
... Removed 29 stack frames</pre></div><a href='#' onClick='toggleBox("stack-trace574187498", this, "Click to show all stack frames", "Click to hide stack frames")'>Click to show all stack frames</a>
<div class='stack-trace' id='stack-trace574187498'><pre>org.openqa.selenium.WebDriverException: An unknown server-side error occurred while processing the command. Original error: Could not proxy. Proxy error: Request failed with status code 404
Build info: version: &apos;3.141.59&apos;, revision: &apos;e82be7d358&apos;, time: &apos;2018-11-14T08:17:03&apos;
System info: host: &apos;DESKTOP-UELT5HV&apos;, ip: &apos;10.32.8.18&apos;, os.name: &apos;Windows 10&apos;, os.arch: &apos;amd64&apos;, os.version: &apos;10.0&apos;, java.version: &apos;15&apos;
Driver info: io.appium.java_client.AppiumDriver
Capabilities {adbExecTimeout: 0, app: D:\Owlyfield.apk, appActivity: .MainActivity, appPackage: io.ionic.owlyfield, automationName: UIAutomator2, avd: Pixel_XL_API_30_Ahmad, databaseEnabled: false, desired: {adbExecTimeout: 0, app: D:\Owlyfield.apk, appActivity: .MainActivity, appPackage: io.ionic.owlyfield, automationName: UIAutomator2, avd: Pixel_XL_API_30_Ahmad, deviceName: Mi A3, newCommandTimeout: 0, platformName: android, platformVersion: 11}, deviceApiLevel: 30, deviceManufacturer: Google, deviceModel: sdk_gphone_x86_arm, deviceName: emulator-5554, deviceScreenDensity: 560, deviceScreenSize: 1440x2560, deviceUDID: emulator-5554, javascriptEnabled: true, locationContextEnabled: false, networkConnectionEnabled: true, newCommandTimeout: 0, pixelRatio: 3.5, platform: LINUX, platformName: Android, platformVersion: 11, statBarHeight: 84, takesScreenshot: true, viewportRect: {height: 2308, left: 0, top: 84, width: 1440}, warnings: {}, webStorageEnabled: false}
Session ID: cb403ab5-554e-4461-be1c-6d4ed51eb6fa
	at java.base/jdk.internal.reflect.NativeConstructorAccessorImpl.newInstance0(Native Method)
	at java.base/jdk.internal.reflect.NativeConstructorAccessorImpl.newInstance(NativeConstructorAccessorImpl.java:64)
	at java.base/jdk.internal.reflect.DelegatingConstructorAccessorImpl.newInstance(DelegatingConstructorAccessorImpl.java:45)
	at java.base/java.lang.reflect.Constructor.newInstanceWithCaller(Constructor.java:500)
	at java.base/java.lang.reflect.Constructor.newInstance(Constructor.java:481)
	at org.openqa.selenium.remote.http.W3CHttpResponseCodec.createException(W3CHttpResponseCodec.java:187)
	at org.openqa.selenium.remote.http.W3CHttpResponseCodec.decode(W3CHttpResponseCodec.java:122)
	at org.openqa.selenium.remote.http.W3CHttpResponseCodec.decode(W3CHttpResponseCodec.java:49)
	at org.openqa.selenium.remote.HttpCommandExecutor.execute(HttpCommandExecutor.java:158)
	at io.appium.java_client.remote.AppiumCommandExecutor.execute(AppiumCommandExecutor.java:239)
	at org.openqa.selenium.remote.RemoteWebDriver.execute(RemoteWebDriver.java:552)
	at io.appium.java_client.DefaultGenericMobileDriver.execute(DefaultGenericMobileDriver.java:45)
	at io.appium.java_client.AppiumDriver.execute(AppiumDriver.java:1)
	at org.openqa.selenium.remote.RemoteWebDriver.close(RemoteWebDriver.java:442)
	at TestCases.Main.tearDown(Main.java:57)
	at java.base/jdk.internal.reflect.NativeMethodAccessorImpl.invoke0(Native Method)
	at java.base/jdk.internal.reflect.NativeMethodAccessorImpl.invoke(NativeMethodAccessorImpl.java:64)
	at java.base/jdk.internal.reflect.DelegatingMethodAccessorImpl.invoke(DelegatingMethodAccessorImpl.java:43)
	at java.base/java.lang.reflect.Method.invoke(Method.java:564)
	at org.testng.internal.MethodInvocationHelper.invokeMethod(MethodInvocationHelper.java:132)
	at org.testng.internal.MethodInvocationHelper.invokeMethodConsideringTimeout(MethodInvocationHelper.java:61)
	at org.testng.internal.ConfigInvoker.invokeConfigurationMethod(ConfigInvoker.java:366)
	at org.testng.internal.ConfigInvoker.invokeConfigurations(ConfigInvoker.java:320)
	at org.testng.TestRunner.invokeTestConfigurations(TestRunner.java:617)
	at org.testng.TestRunner.afterRun(TestRunner.java:847)
	at org.testng.TestRunner.run(TestRunner.java:588)
	at org.testng.SuiteRunner.runTest(SuiteRunner.java:384)
	at org.testng.SuiteRunner.runSequentially(SuiteRunner.java:378)
	at org.testng.SuiteRunner.privateRun(SuiteRunner.java:337)
	at org.testng.SuiteRunner.run(SuiteRunner.java:286)
	at org.testng.SuiteRunnerWorker.runSuite(SuiteRunnerWorker.java:53)
	at org.testng.SuiteRunnerWorker.run(SuiteRunnerWorker.java:96)
	at org.testng.TestNG.runSuitesSequentially(TestNG.java:1218)
	at org.testng.TestNG.runSuitesLocally(TestNG.java:1140)
	at org.testng.TestNG.runSuites(TestNG.java:1069)
	at org.testng.TestNG.run(TestNG.java:1037)
	at org.testng.remote.AbstractRemoteTestNG.run(AbstractRemoteTestNG.java:115)
	at org.testng.remote.RemoteTestNG.initAndRun(RemoteTestNG.java:251)
	at org.testng.remote.RemoteTestNG.main(RemoteTestNG.java:77)
</pre></div></td>
<td>60</td>
<td>TestCases.NESTAppTests@f381794</td></tr>
</table><p>
<table width='100%' border='1' class='invocation-failed'>
<tr><td colspan='4' align='center'><b>FAILED TESTS</b></td></tr>
<tr><td><b>Test method</b></td>
<td width="30%"><b>Exception</b></td>
<td width="10%"><b>Time (seconds)</b></td>
<td><b>Instance</b></td>
</tr>
<tr>
<td title='TestCases.VerifyTestSettings.VerifyVendorSearch1()'><b>VerifyVendorSearch1</b><br>Test class: TestCases.VerifyTestSettings<br/>
<a href="#Output-1644529474" onClick='toggleBox("Output-1644529474", this, "Show output", "Hide output");'>Show output</a>

<a href="#Output-1644529474" onClick="toggleAllBoxes();">Show all outputs</a>
<div class='log' id="Output-1644529474">
Searching in Vendor mgmt is not working properly!<br/>
<a href=''D:\Eclipse Workspace\Ulula\src\test\resources\Screenshots\Screenshot_1.jpg> Test Results</a><br/>
Test Case 12 is Failed.<br/>
</div>
</td>
<td><div><pre>java.lang.AssertionError: expected [false] but found [true]
	at TestCases.VerifyTestSettings.VerifyVendorSearch1(VerifyTestSettings.java:71)
	at java.base/java.util.ArrayList.forEach(ArrayList.java:1511)
... Removed 31 stack frames</pre></div><a href='#' onClick='toggleBox("stack-trace1644529474", this, "Click to show all stack frames", "Click to hide stack frames")'>Click to show all stack frames</a>
<div class='stack-trace' id='stack-trace1644529474'><pre>java.lang.AssertionError: expected [false] but found [true]
	at org.testng.Assert.fail(Assert.java:99)
	at org.testng.Assert.failNotEquals(Assert.java:1037)
	at org.testng.Assert.assertFalse(Assert.java:67)
	at org.testng.Assert.assertFalse(Assert.java:77)
	at TestCases.VerifyTestSettings.VerifyVendorSearch1(VerifyTestSettings.java:71)
	at java.base/jdk.internal.reflect.NativeMethodAccessorImpl.invoke0(Native Method)
	at java.base/jdk.internal.reflect.NativeMethodAccessorImpl.invoke(NativeMethodAccessorImpl.java:64)
	at java.base/jdk.internal.reflect.DelegatingMethodAccessorImpl.invoke(DelegatingMethodAccessorImpl.java:43)
	at java.base/java.lang.reflect.Method.invoke(Method.java:564)
	at org.testng.internal.MethodInvocationHelper.invokeMethod(MethodInvocationHelper.java:132)
	at org.testng.internal.TestInvoker.invokeMethod(TestInvoker.java:599)
	at org.testng.internal.TestInvoker.invokeTestMethod(TestInvoker.java:174)
	at org.testng.internal.MethodRunner.runInSequence(MethodRunner.java:46)
	at org.testng.internal.TestInvoker$MethodInvocationAgent.invoke(TestInvoker.java:822)
	at org.testng.internal.TestInvoker.invokeTestMethods(TestInvoker.java:147)
	at org.testng.internal.TestMethodWorker.invokeTestMethods(TestMethodWorker.java:146)
	at org.testng.internal.TestMethodWorker.run(TestMethodWorker.java:128)
	at java.base/java.util.ArrayList.forEach(ArrayList.java:1511)
	at org.testng.TestRunner.privateRun(TestRunner.java:764)
	at org.testng.TestRunner.run(TestRunner.java:585)
	at org.testng.SuiteRunner.runTest(SuiteRunner.java:384)
	at org.testng.SuiteRunner.runSequentially(SuiteRunner.java:378)
	at org.testng.SuiteRunner.privateRun(SuiteRunner.java:337)
	at org.testng.SuiteRunner.run(SuiteRunner.java:286)
	at org.testng.SuiteRunnerWorker.runSuite(SuiteRunnerWorker.java:53)
	at org.testng.SuiteRunnerWorker.run(SuiteRunnerWorker.java:96)
	at org.testng.TestNG.runSuitesSequentially(TestNG.java:1218)
	at org.testng.TestNG.runSuitesLocally(TestNG.java:1140)
	at org.testng.TestNG.runSuites(TestNG.java:1069)
	at org.testng.TestNG.run(TestNG.java:1037)
	at org.testng.remote.AbstractRemoteTestNG.run(AbstractRemoteTestNG.java:115)
	at org.testng.remote.RemoteTestNG.initAndRun(RemoteTestNG.java:251)
	at org.testng.remote.RemoteTestNG.main(RemoteTestNG.java:77)
</pre></div></td>
<td>0</td>
<td>TestCases.VerifyTestSettings@2e1d27ba</td></tr>
</table><p>
<table width='100%' border='1' class='invocation-passed'>
<tr><td colspan='4' align='center'><b>PASSED TESTS</b></td></tr>
<tr><td><b>Test method</b></td>
<td width="30%"><b>Exception</b></td>
<td width="10%"><b>Time (seconds)</b></td>
<td><b>Instance</b></td>
</tr>
<tr>
<td title='TestCases.ProgramTestClass.CAPStep()'><b>CAPStep</b><br>Test class: TestCases.ProgramTestClass</td>
<td></td>
<td>13</td>
<td>TestCases.ProgramTestClass@6c779568</td></tr>
<tr>
<td title='TestCases.ProgramTestClass.GuidingStep()'><b>GuidingStep</b><br>Test class: TestCases.ProgramTestClass<br/>
<a href="#Output-1313459755" onClick='toggleBox("Output-1313459755", this, "Show output", "Hide output");'>Show output</a>

<a href="#Output-1313459755" onClick="toggleAllBoxes();">Show all outputs</a>
<div class='log' id="Output-1313459755">
Guiding Step Created Successfully with all its configuration settings!<br/>
Test Case 4 Passed Successfully.<br/>
</div>
</td>
<td></td>
<td>16</td>
<td>TestCases.ProgramTestClass@6c779568</td></tr>
<tr>
<td title='TestCases.ProgramTestClass.ReviewCAP()'><b>ReviewCAP</b><br>Test class: TestCases.ProgramTestClass</td>
<td></td>
<td>10</td>
<td>TestCases.ProgramTestClass@6c779568</td></tr>
<tr>
<td title='TestCases.ProgramTestClass.ReviewGuiding()'><b>ReviewGuiding</b><br>Test class: TestCases.ProgramTestClass</td>
<td></td>
<td>10</td>
<td>TestCases.ProgramTestClass@6c779568</td></tr>
<tr>
<td title='TestCases.ProgramTestClass.ReviewRegistration()'><b>ReviewRegistration</b><br>Test class: TestCases.ProgramTestClass<br/>
<a href="#Output-1457157255" onClick='toggleBox("Output-1457157255", this, "Show output", "Hide output");'>Show output</a>

<a href="#Output-1457157255" onClick="toggleAllBoxes();">Show all outputs</a>
<div class='log' id="Output-1457157255">
Review Registration Step Created Successfully with all relevant configurations!<br/>
Test Case 3 Passed Successfully.<br/>
</div>
</td>
<td></td>
<td>13</td>
<td>TestCases.ProgramTestClass@6c779568</td></tr>
<tr>
<td title='TestCases.NESTAppTests.TestOne()'><b>TestOne</b><br>Test class: TestCases.NESTAppTests<br>Test method: This is user journey survey app test</td>
<td></td>
<td>116</td>
<td>TestCases.NESTAppTests@f381794</td></tr>
<tr>
<td title='TestCases.VerifyTestSettings.VerifyVendorMgmtPageLoading()'><b>VerifyVendorMgmtPageLoading</b><br>Test class: TestCases.VerifyTestSettings<br/>
<a href="#Output-196539383" onClick='toggleBox("Output-196539383", this, "Show output", "Hide output");'>Show output</a>

<a href="#Output-196539383" onClick="toggleAllBoxes();">Show all outputs</a>
<div class='log' id="Output-196539383">
Vendor Management is loading successfully!<br/>
Test Case 10 Passed Successfully.<br/>
</div>
</td>
<td></td>
<td>0</td>
<td>TestCases.VerifyTestSettings@2e1d27ba</td></tr>
<tr>
<td title='TestCases.VerifyTestSettings.VerifyVendorSearch()'><b>VerifyVendorSearch</b><br>Test class: TestCases.VerifyTestSettings<br/>
<a href="#Output-948900440" onClick='toggleBox("Output-948900440", this, "Show output", "Hide output");'>Show output</a>

<a href="#Output-948900440" onClick="toggleAllBoxes();">Show all outputs</a>
<div class='log' id="Output-948900440">
Searching in Vendor mgmt is not working properly!<br/>
Test Case 11 is Failed.<br/>
</div>
</td>
<td></td>
<td>0</td>
<td>TestCases.VerifyTestSettings@2e1d27ba</td></tr>
<tr>
<td title='TestCases.ProgramTestClass.createProgramAndPhase()'><b>createProgramAndPhase</b><br>Test class: TestCases.ProgramTestClass<br/>
<a href="#Output-1694239102" onClick='toggleBox("Output-1694239102", this, "Show output", "Hide output");'>Show output</a>

<a href="#Output-1694239102" onClick="toggleAllBoxes();">Show all outputs</a>
<div class='log' id="Output-1694239102">
Program Created Successfully!<br/>
Phase Created Successfully!<br/>
Test Case 1 Passed Successfully.<br/>
</div>
</td>
<td></td>
<td>40</td>
<td>TestCases.ProgramTestClass@6c779568</td></tr>
<tr>
<td title='TestCases.ProgramTestClass.createRegistrationStep()'><b>createRegistrationStep</b><br>Test class: TestCases.ProgramTestClass<br/>
<a href="#Output-1910098693" onClick='toggleBox("Output-1910098693", this, "Show output", "Hide output");'>Show output</a>

<a href="#Output-1910098693" onClick="toggleAllBoxes();">Show all outputs</a>
<div class='log' id="Output-1910098693">
Registration Step Created Successfully with all its configuration settings!<br/>
Test Case 2 Passed Successfully.<br/>
</div>
</td>
<td></td>
<td>11</td>
<td>TestCases.ProgramTestClass@6c779568</td></tr>
<tr>
<td title='TestCases.FillRegistrationTestClass.testWebRegistrationSurvey()'><b>testWebRegistrationSurvey</b><br>Test class: TestCases.FillRegistrationTestClass<br/>
<a href="#Output-841090268" onClick='toggleBox("Output-841090268", this, "Show output", "Hide output");'>Show output</a>

<a href="#Output-841090268" onClick="toggleAllBoxes();">Show all outputs</a>
<div class='log' id="Output-841090268">
Vendor Created Successfully!<br/>
Test Case 8 Passed Successfully.<br/>
</div>
</td>
<td></td>
<td>35</td>
<td>TestCases.FillRegistrationTestClass@2cdd0d4b</td></tr>
<tr>
<td title='TestCases.VerifyReviewRegistrationTestClass.verifyAcceptVendorRegistrationApplication()'><b>verifyAcceptVendorRegistrationApplication</b><br>Test class: TestCases.VerifyReviewRegistrationTestClass<br/>
<a href="#Output-504510379" onClick='toggleBox("Output-504510379", this, "Show output", "Hide output");'>Show output</a>

<a href="#Output-504510379" onClick="toggleAllBoxes();">Show all outputs</a>
<div class='log' id="Output-504510379">
Vendor Registered in this Program Successfully!<br/>
Test Case 9 Passed Successfully.<br/>
</div>
</td>
<td></td>
<td>93</td>
<td>TestCases.VerifyReviewRegistrationTestClass@7e9131d5</td></tr>
</table><p>
</body>
</html>