<?xml version="1.0" encoding="UTF-8"?>
<!-- Generated by org.testng.reporters.JUnitReportReporter -->
<testsuite hostname="DESKTOP-GTBAVKF" failures="0" tests="2" name="TestCases.MeasureTestClass" time="1.552" errors="1" timestamp="2021-11-26T02:14:09 PKT" skipped="1">
  <testcase classname="TestCases.MeasureTestClass" name="setupApplication" time="1.552">
    <error message="session not created: This version of ChromeDriver only supports Chrome version 93
Current browser version is 96.0.4664.45 with binary path C:\Program Files\Google\Chrome\Application\chrome.exe
Build info: version: &#039;3.141.59&#039;, revision: &#039;e82be7d358&#039;, time: &#039;2018-11-14T08:17:03&#039;
System info: host: &#039;DESKTOP-GTBAVKF&#039;, ip: &#039;192.168.5.6&#039;, os.name: &#039;Windows 10&#039;, os.arch: &#039;amd64&#039;, os.version: &#039;10.0&#039;, java.version: &#039;15.0.2&#039;
Driver info: driver.version: ChromeDriver
remote stacktrace: Backtrace:
	Ordinal0 [0x00C0D403+2479107]
	Ordinal0 [0x00BA7D51+2063697]
	Ordinal0 [0x00AB20C8+1056968]
	Ordinal0 [0x00AD043A+1180730]
	Ordinal0 [0x00ACC355+1164117]
	Ordinal0 [0x00AC9B7F+1153919]
	Ordinal0 [0x00AF9CBF+1350847]
	Ordinal0 [0x00AF992A+1349930]
	Ordinal0 [0x00AF583B+1333307]
	Ordinal0 [0x00AD1F94+1187732]
	Ordinal0 [0x00AD2DE9+1191401]
	GetHandleVerifier [0x00D8F3F6+1531734]
	GetHandleVerifier [0x00E3E9AE+2249998]
	GetHandleVerifier [0x00C939AB+501003]
	GetHandleVerifier [0x00C92A29+497033]
	Ordinal0 [0x00BAD11D+2085149]
	Ordinal0 [0x00BB11C8+2101704]
	Ordinal0 [0x00BB1302+2102018]
	Ordinal0 [0x00BBAA71+2140785]
	BaseThreadInitThunk [0x7568FA29+25]
	RtlGetAppContainerNamedObjectPath [0x77577A9E+286]
	RtlGetAppContainerNamedObjectPath [0x77577A6E+238]
" type="org.openqa.selenium.SessionNotCreatedException">
      <![CDATA[org.openqa.selenium.SessionNotCreatedException: session not created: This version of ChromeDriver only supports Chrome version 93
Current browser version is 96.0.4664.45 with binary path C:\Program Files\Google\Chrome\Application\chrome.exe
Build info: version: '3.141.59', revision: 'e82be7d358', time: '2018-11-14T08:17:03'
System info: host: 'DESKTOP-GTBAVKF', ip: '192.168.5.6', os.name: 'Windows 10', os.arch: 'amd64', os.version: '10.0', java.version: '15.0.2'
Driver info: driver.version: ChromeDriver
remote stacktrace: Backtrace:
Ordinal0 [0x00C0D403+2479107]
Ordinal0 [0x00BA7D51+2063697]
Ordinal0 [0x00AB20C8+1056968]
Ordinal0 [0x00AD043A+1180730]
Ordinal0 [0x00ACC355+1164117]
Ordinal0 [0x00AC9B7F+1153919]
Ordinal0 [0x00AF9CBF+1350847]
Ordinal0 [0x00AF992A+1349930]
Ordinal0 [0x00AF583B+1333307]
Ordinal0 [0x00AD1F94+1187732]
Ordinal0 [0x00AD2DE9+1191401]
GetHandleVerifier [0x00D8F3F6+1531734]
GetHandleVerifier [0x00E3E9AE+2249998]
GetHandleVerifier [0x00C939AB+501003]
GetHandleVerifier [0x00C92A29+497033]
Ordinal0 [0x00BAD11D+2085149]
Ordinal0 [0x00BB11C8+2101704]
Ordinal0 [0x00BB1302+2102018]
Ordinal0 [0x00BBAA71+2140785]
BaseThreadInitThunk [0x7568FA29+25]
RtlGetAppContainerNamedObjectPath [0x77577A9E+286]
RtlGetAppContainerNamedObjectPath [0x77577A6E+238]

at java.base/jdk.internal.reflect.NativeConstructorAccessorImpl.newInstance0(Native Method)
at java.base/jdk.internal.reflect.NativeConstructorAccessorImpl.newInstance(NativeConstructorAccessorImpl.java:64)
at java.base/jdk.internal.reflect.DelegatingConstructorAccessorImpl.newInstance(DelegatingConstructorAccessorImpl.java:45)
at java.base/java.lang.reflect.Constructor.newInstanceWithCaller(Constructor.java:500)
at java.base/java.lang.reflect.Constructor.newInstance(Constructor.java:481)
at org.openqa.selenium.remote.W3CHandshakeResponse.lambda$errorHandler$0(W3CHandshakeResponse.java:62)
at org.openqa.selenium.remote.HandshakeResponse.lambda$getResponseFunction$0(HandshakeResponse.java:30)
at org.openqa.selenium.remote.ProtocolHandshake.lambda$createSession$0(ProtocolHandshake.java:126)
at java.base/java.util.stream.ReferencePipeline$3$1.accept(ReferencePipeline.java:195)
at java.base/java.util.Spliterators$ArraySpliterator.tryAdvance(Spliterators.java:958)
at java.base/java.util.stream.ReferencePipeline.forEachWithCancel(ReferencePipeline.java:127)
at java.base/java.util.stream.AbstractPipeline.copyIntoWithCancel(AbstractPipeline.java:502)
at java.base/java.util.stream.AbstractPipeline.copyInto(AbstractPipeline.java:488)
at java.base/java.util.stream.AbstractPipeline.wrapAndCopyInto(AbstractPipeline.java:474)
at java.base/java.util.stream.FindOps$FindOp.evaluateSequential(FindOps.java:150)
at java.base/java.util.stream.AbstractPipeline.evaluate(AbstractPipeline.java:234)
at java.base/java.util.stream.ReferencePipeline.findFirst(ReferencePipeline.java:543)
at org.openqa.selenium.remote.ProtocolHandshake.createSession(ProtocolHandshake.java:128)
at org.openqa.selenium.remote.ProtocolHandshake.createSession(ProtocolHandshake.java:74)
at org.openqa.selenium.remote.HttpCommandExecutor.execute(HttpCommandExecutor.java:136)
at org.openqa.selenium.remote.service.DriverCommandExecutor.execute(DriverCommandExecutor.java:83)
at org.openqa.selenium.remote.RemoteWebDriver.execute(RemoteWebDriver.java:552)
at org.openqa.selenium.remote.RemoteWebDriver.startSession(RemoteWebDriver.java:213)
at org.openqa.selenium.remote.RemoteWebDriver.<init>(RemoteWebDriver.java:131)
at org.openqa.selenium.chrome.ChromeDriver.<init>(ChromeDriver.java:181)
at org.openqa.selenium.chrome.ChromeDriver.<init>(ChromeDriver.java:168)
at org.openqa.selenium.chrome.ChromeDriver.<init>(ChromeDriver.java:123)
at Helper.BrowserFactoryHelper.startBrowser(BrowserFactoryHelper.java:19)
at Common.BaseClass.setupApplication(BaseClass.java:58)
at java.base/jdk.internal.reflect.NativeMethodAccessorImpl.invoke0(Native Method)
at java.base/jdk.internal.reflect.NativeMethodAccessorImpl.invoke(NativeMethodAccessorImpl.java:64)
at java.base/jdk.internal.reflect.DelegatingMethodAccessorImpl.invoke(DelegatingMethodAccessorImpl.java:43)
at java.base/java.lang.reflect.Method.invoke(Method.java:564)
at org.testng.internal.MethodInvocationHelper.invokeMethod(MethodInvocationHelper.java:132)
at org.testng.internal.MethodInvocationHelper.invokeMethodConsideringTimeout(MethodInvocationHelper.java:61)
at org.testng.internal.ConfigInvoker.invokeConfigurationMethod(ConfigInvoker.java:366)
at org.testng.internal.ConfigInvoker.invokeConfigurations(ConfigInvoker.java:320)
at org.testng.SuiteRunner.privateRun(SuiteRunner.java:327)
at org.testng.SuiteRunner.run(SuiteRunner.java:286)
at org.testng.SuiteRunnerWorker.runSuite(SuiteRunnerWorker.java:53)
at org.testng.SuiteRunnerWorker.run(SuiteRunnerWorker.java:96)
at org.testng.TestNG.runSuitesSequentially(TestNG.java:1218)
at org.testng.TestNG.runSuitesLocally(TestNG.java:1140)
at org.testng.TestNG.runSuites(TestNG.java:1069)
at org.testng.TestNG.run(TestNG.java:1037)
at org.testng.remote.AbstractRemoteTestNG.run(AbstractRemoteTestNG.java:115)
at org.testng.remote.RemoteTestNG.initAndRun(RemoteTestNG.java:251)
at org.testng.remote.RemoteTestNG.main(RemoteTestNG.java:77)
]]>
    </error>
  </testcase> <!-- setupApplication -->
  <system-out>
=========== Browser Session Started ==========  </system-out>
  <testcase classname="TestCases.MeasureTestClass" name="createSMSSurvey" time="0.000">
    <skipped/>
  </testcase> <!-- createSMSSurvey -->
  <system-out/>
</testsuite> <!-- TestCases.MeasureTestClass -->
