<?xml version="1.0" encoding="UTF-8"?>
<testng-results ignored="0" total="1" passed="0" failed="0" skipped="1">
  <reporter-output>
    <line>
      <![CDATA[=========== Browser Session Started ==========]]>
    </line>
  </reporter-output>
  <suite started-at="2021-12-13T21:15:16 PKT" name="Default suite" finished-at="2021-12-13T21:15:16 PKT" duration-ms="42">
    <groups>
      <group name="Regression Testing">
        <method signature="IVRAUTO.createIVRSurvey()[pri:1, instance:TestCases.IVRAUTO@2fb0623e]" name="createIVRSurvey" class="TestCases.IVRAUTO"/>
      </group> <!-- Regression Testing -->
    </groups>
    <test started-at="2021-12-13T21:15:16 PKT" name="Default test" finished-at="2021-12-13T21:15:16 PKT" duration-ms="42">
      <class name="TestCases.IVRAUTO">
        <test-method is-config="true" signature="setupApplication()[pri:0, instance:TestCases.IVRAUTO@2fb0623e]" started-at="2021-12-13T21:15:14 PKT" name="setupApplication" finished-at="2021-12-13T21:15:16 PKT" duration-ms="1627" status="FAIL">
          <exception class="org.openqa.selenium.SessionNotCreatedException">
            <message>
              <![CDATA[session not created: This version of ChromeDriver only supports Chrome version 93
Current browser version is 96.0.4664.93 with binary path C:\Program Files\Google\Chrome\Application\chrome.exe
Build info: version: '3.141.59', revision: 'e82be7d358', time: '2018-11-14T08:17:03'
System info: host: 'DESKTOP-GTBAVKF', ip: '192.168.5.6', os.name: 'Windows 10', os.arch: 'amd64', os.version: '10.0', java.version: '15.0.2'
Driver info: driver.version: ChromeDriver
remote stacktrace: Backtrace:
Ordinal0 [0x002CD403+2479107]
Ordinal0 [0x00267D51+2063697]
Ordinal0 [0x001720C8+1056968]
Ordinal0 [0x0019043A+1180730]
Ordinal0 [0x0018C355+1164117]
Ordinal0 [0x00189B7F+1153919]
Ordinal0 [0x001B9CBF+1350847]
Ordinal0 [0x001B992A+1349930]
Ordinal0 [0x001B583B+1333307]
Ordinal0 [0x00191F94+1187732]
Ordinal0 [0x00192DE9+1191401]
GetHandleVerifier [0x0044F3F6+1531734]
GetHandleVerifier [0x004FE9AE+2249998]
GetHandleVerifier [0x003539AB+501003]
GetHandleVerifier [0x00352A29+497033]
Ordinal0 [0x0026D11D+2085149]
Ordinal0 [0x002711C8+2101704]
Ordinal0 [0x00271302+2102018]
Ordinal0 [0x0027AA71+2140785]
BaseThreadInitThunk [0x7677FA29+25]
RtlGetAppContainerNamedObjectPath [0x77347A9E+286]
RtlGetAppContainerNamedObjectPath [0x77347A6E+238]
(No symbol) [0x00000000]
]]>
            </message>
            <full-stacktrace>
              <![CDATA[org.openqa.selenium.SessionNotCreatedException: session not created: This version of ChromeDriver only supports Chrome version 93
Current browser version is 96.0.4664.93 with binary path C:\Program Files\Google\Chrome\Application\chrome.exe
Build info: version: '3.141.59', revision: 'e82be7d358', time: '2018-11-14T08:17:03'
System info: host: 'DESKTOP-GTBAVKF', ip: '192.168.5.6', os.name: 'Windows 10', os.arch: 'amd64', os.version: '10.0', java.version: '15.0.2'
Driver info: driver.version: ChromeDriver
remote stacktrace: Backtrace:
Ordinal0 [0x002CD403+2479107]
Ordinal0 [0x00267D51+2063697]
Ordinal0 [0x001720C8+1056968]
Ordinal0 [0x0019043A+1180730]
Ordinal0 [0x0018C355+1164117]
Ordinal0 [0x00189B7F+1153919]
Ordinal0 [0x001B9CBF+1350847]
Ordinal0 [0x001B992A+1349930]
Ordinal0 [0x001B583B+1333307]
Ordinal0 [0x00191F94+1187732]
Ordinal0 [0x00192DE9+1191401]
GetHandleVerifier [0x0044F3F6+1531734]
GetHandleVerifier [0x004FE9AE+2249998]
GetHandleVerifier [0x003539AB+501003]
GetHandleVerifier [0x00352A29+497033]
Ordinal0 [0x0026D11D+2085149]
Ordinal0 [0x002711C8+2101704]
Ordinal0 [0x00271302+2102018]
Ordinal0 [0x0027AA71+2140785]
BaseThreadInitThunk [0x7677FA29+25]
RtlGetAppContainerNamedObjectPath [0x77347A9E+286]
RtlGetAppContainerNamedObjectPath [0x77347A6E+238]
(No symbol) [0x00000000]

at java.base/jdk.internal.reflect.NativeConstructorAccessorImpl.newInstance0(Native Method)
at java.base/jdk.internal.reflect.NativeConstructorAccessorImpl.newInstance(NativeConstructorAccessorImpl.java:64)
at java.base/jdk.internal.reflect.DelegatingConstructorAccessorImpl.newInstance(DelegatingConstructorAccessorImpl.java:45)
at java.base/java.lang.reflect.Constructor.newInstanceWithCaller(Constructor.java:500)
at java.base/java.lang.reflect.Constructor.newInstance(Constructor.java:481)
at org.openqa.selenium.remote.W3CHandshakeResponse.lambda$errorHandler$0(W3CHandshakeResponse.java:62)
at org.openqa.selenium.remote.HandshakeResponse.lambda$getResponseFunction$0(HandshakeResponse.java:30)
at org.openqa.selenium.remote.ProtocolHandshake.lambda$createSession$0(ProtocolHandshake.java:126)
at java.base/java.util.stream.ReferencePipeline$3$1.accept(ReferencePipeline.java:195)
at java.base/java.util.Spliterators$ArraySpliterator.tryAdvance(Spliterators.java:958)
at java.base/java.util.stream.ReferencePipeline.forEachWithCancel(ReferencePipeline.java:127)
at java.base/java.util.stream.AbstractPipeline.copyIntoWithCancel(AbstractPipeline.java:502)
at java.base/java.util.stream.AbstractPipeline.copyInto(AbstractPipeline.java:488)
at java.base/java.util.stream.AbstractPipeline.wrapAndCopyInto(AbstractPipeline.java:474)
at java.base/java.util.stream.FindOps$FindOp.evaluateSequential(FindOps.java:150)
at java.base/java.util.stream.AbstractPipeline.evaluate(AbstractPipeline.java:234)
at java.base/java.util.stream.ReferencePipeline.findFirst(ReferencePipeline.java:543)
at org.openqa.selenium.remote.ProtocolHandshake.createSession(ProtocolHandshake.java:128)
at org.openqa.selenium.remote.ProtocolHandshake.createSession(ProtocolHandshake.java:74)
at org.openqa.selenium.remote.HttpCommandExecutor.execute(HttpCommandExecutor.java:136)
at org.openqa.selenium.remote.service.DriverCommandExecutor.execute(DriverCommandExecutor.java:83)
at org.openqa.selenium.remote.RemoteWebDriver.execute(RemoteWebDriver.java:552)
at org.openqa.selenium.remote.RemoteWebDriver.startSession(RemoteWebDriver.java:213)
at org.openqa.selenium.remote.RemoteWebDriver.<init>(RemoteWebDriver.java:131)
at org.openqa.selenium.chrome.ChromeDriver.<init>(ChromeDriver.java:181)
at org.openqa.selenium.chrome.ChromeDriver.<init>(ChromeDriver.java:168)
at org.openqa.selenium.chrome.ChromeDriver.<init>(ChromeDriver.java:123)
at Helper.BrowserFactoryHelper.startBrowser(BrowserFactoryHelper.java:19)
at Common.BaseClass.setupApplication(BaseClass.java:58)
at java.base/jdk.internal.reflect.NativeMethodAccessorImpl.invoke0(Native Method)
at java.base/jdk.internal.reflect.NativeMethodAccessorImpl.invoke(NativeMethodAccessorImpl.java:64)
at java.base/jdk.internal.reflect.DelegatingMethodAccessorImpl.invoke(DelegatingMethodAccessorImpl.java:43)
at java.base/java.lang.reflect.Method.invoke(Method.java:564)
at org.testng.internal.MethodInvocationHelper.invokeMethod(MethodInvocationHelper.java:132)
at org.testng.internal.MethodInvocationHelper.invokeMethodConsideringTimeout(MethodInvocationHelper.java:61)
at org.testng.internal.ConfigInvoker.invokeConfigurationMethod(ConfigInvoker.java:366)
at org.testng.internal.ConfigInvoker.invokeConfigurations(ConfigInvoker.java:320)
at org.testng.SuiteRunner.privateRun(SuiteRunner.java:327)
at org.testng.SuiteRunner.run(SuiteRunner.java:286)
at org.testng.SuiteRunnerWorker.runSuite(SuiteRunnerWorker.java:53)
at org.testng.SuiteRunnerWorker.run(SuiteRunnerWorker.java:96)
at org.testng.TestNG.runSuitesSequentially(TestNG.java:1218)
at org.testng.TestNG.runSuitesLocally(TestNG.java:1140)
at org.testng.TestNG.runSuites(TestNG.java:1069)
at org.testng.TestNG.run(TestNG.java:1037)
at org.testng.remote.AbstractRemoteTestNG.run(AbstractRemoteTestNG.java:115)
at org.testng.remote.RemoteTestNG.initAndRun(RemoteTestNG.java:251)
at org.testng.remote.RemoteTestNG.main(RemoteTestNG.java:77)
]]>
            </full-stacktrace>
          </exception> <!-- org.openqa.selenium.SessionNotCreatedException -->
          <reporter-output>
            <line>
              <![CDATA[=========== Browser Session Started ==========]]>
            </line>
          </reporter-output>
        </test-method> <!-- setupApplication -->
        <test-method signature="createIVRSurvey()[pri:1, instance:TestCases.IVRAUTO@2fb0623e]" started-at="2021-12-13T21:15:16 PKT" name="createIVRSurvey" finished-at="2021-12-13T21:15:16 PKT" duration-ms="0" status="SKIP">
          <exception class="org.openqa.selenium.SessionNotCreatedException">
            <message>
              <![CDATA[session not created: This version of ChromeDriver only supports Chrome version 93
Current browser version is 96.0.4664.93 with binary path C:\Program Files\Google\Chrome\Application\chrome.exe
Build info: version: '3.141.59', revision: 'e82be7d358', time: '2018-11-14T08:17:03'
System info: host: 'DESKTOP-GTBAVKF', ip: '192.168.5.6', os.name: 'Windows 10', os.arch: 'amd64', os.version: '10.0', java.version: '15.0.2'
Driver info: driver.version: ChromeDriver
remote stacktrace: Backtrace:
Ordinal0 [0x002CD403+2479107]
Ordinal0 [0x00267D51+2063697]
Ordinal0 [0x001720C8+1056968]
Ordinal0 [0x0019043A+1180730]
Ordinal0 [0x0018C355+1164117]
Ordinal0 [0x00189B7F+1153919]
Ordinal0 [0x001B9CBF+1350847]
Ordinal0 [0x001B992A+1349930]
Ordinal0 [0x001B583B+1333307]
Ordinal0 [0x00191F94+1187732]
Ordinal0 [0x00192DE9+1191401]
GetHandleVerifier [0x0044F3F6+1531734]
GetHandleVerifier [0x004FE9AE+2249998]
GetHandleVerifier [0x003539AB+501003]
GetHandleVerifier [0x00352A29+497033]
Ordinal0 [0x0026D11D+2085149]
Ordinal0 [0x002711C8+2101704]
Ordinal0 [0x00271302+2102018]
Ordinal0 [0x0027AA71+2140785]
BaseThreadInitThunk [0x7677FA29+25]
RtlGetAppContainerNamedObjectPath [0x77347A9E+286]
RtlGetAppContainerNamedObjectPath [0x77347A6E+238]
(No symbol) [0x00000000]
]]>
            </message>
            <full-stacktrace>
              <![CDATA[org.openqa.selenium.SessionNotCreatedException: session not created: This version of ChromeDriver only supports Chrome version 93
Current browser version is 96.0.4664.93 with binary path C:\Program Files\Google\Chrome\Application\chrome.exe
Build info: version: '3.141.59', revision: 'e82be7d358', time: '2018-11-14T08:17:03'
System info: host: 'DESKTOP-GTBAVKF', ip: '192.168.5.6', os.name: 'Windows 10', os.arch: 'amd64', os.version: '10.0', java.version: '15.0.2'
Driver info: driver.version: ChromeDriver
remote stacktrace: Backtrace:
Ordinal0 [0x002CD403+2479107]
Ordinal0 [0x00267D51+2063697]
Ordinal0 [0x001720C8+1056968]
Ordinal0 [0x0019043A+1180730]
Ordinal0 [0x0018C355+1164117]
Ordinal0 [0x00189B7F+1153919]
Ordinal0 [0x001B9CBF+1350847]
Ordinal0 [0x001B992A+1349930]
Ordinal0 [0x001B583B+1333307]
Ordinal0 [0x00191F94+1187732]
Ordinal0 [0x00192DE9+1191401]
GetHandleVerifier [0x0044F3F6+1531734]
GetHandleVerifier [0x004FE9AE+2249998]
GetHandleVerifier [0x003539AB+501003]
GetHandleVerifier [0x00352A29+497033]
Ordinal0 [0x0026D11D+2085149]
Ordinal0 [0x002711C8+2101704]
Ordinal0 [0x00271302+2102018]
Ordinal0 [0x0027AA71+2140785]
BaseThreadInitThunk [0x7677FA29+25]
RtlGetAppContainerNamedObjectPath [0x77347A9E+286]
RtlGetAppContainerNamedObjectPath [0x77347A6E+238]
(No symbol) [0x00000000]

at java.base/jdk.internal.reflect.NativeConstructorAccessorImpl.newInstance0(Native Method)
at java.base/jdk.internal.reflect.NativeConstructorAccessorImpl.newInstance(NativeConstructorAccessorImpl.java:64)
at java.base/jdk.internal.reflect.DelegatingConstructorAccessorImpl.newInstance(DelegatingConstructorAccessorImpl.java:45)
at java.base/java.lang.reflect.Constructor.newInstanceWithCaller(Constructor.java:500)
at java.base/java.lang.reflect.Constructor.newInstance(Constructor.java:481)
at org.openqa.selenium.remote.W3CHandshakeResponse.lambda$errorHandler$0(W3CHandshakeResponse.java:62)
at org.openqa.selenium.remote.HandshakeResponse.lambda$getResponseFunction$0(HandshakeResponse.java:30)
at org.openqa.selenium.remote.ProtocolHandshake.lambda$createSession$0(ProtocolHandshake.java:126)
at java.base/java.util.stream.ReferencePipeline$3$1.accept(ReferencePipeline.java:195)
at java.base/java.util.Spliterators$ArraySpliterator.tryAdvance(Spliterators.java:958)
at java.base/java.util.stream.ReferencePipeline.forEachWithCancel(ReferencePipeline.java:127)
at java.base/java.util.stream.AbstractPipeline.copyIntoWithCancel(AbstractPipeline.java:502)
at java.base/java.util.stream.AbstractPipeline.copyInto(AbstractPipeline.java:488)
at java.base/java.util.stream.AbstractPipeline.wrapAndCopyInto(AbstractPipeline.java:474)
at java.base/java.util.stream.FindOps$FindOp.evaluateSequential(FindOps.java:150)
at java.base/java.util.stream.AbstractPipeline.evaluate(AbstractPipeline.java:234)
at java.base/java.util.stream.ReferencePipeline.findFirst(ReferencePipeline.java:543)
at org.openqa.selenium.remote.ProtocolHandshake.createSession(ProtocolHandshake.java:128)
at org.openqa.selenium.remote.ProtocolHandshake.createSession(ProtocolHandshake.java:74)
at org.openqa.selenium.remote.HttpCommandExecutor.execute(HttpCommandExecutor.java:136)
at org.openqa.selenium.remote.service.DriverCommandExecutor.execute(DriverCommandExecutor.java:83)
at org.openqa.selenium.remote.RemoteWebDriver.execute(RemoteWebDriver.java:552)
at org.openqa.selenium.remote.RemoteWebDriver.startSession(RemoteWebDriver.java:213)
at org.openqa.selenium.remote.RemoteWebDriver.<init>(RemoteWebDriver.java:131)
at org.openqa.selenium.chrome.ChromeDriver.<init>(ChromeDriver.java:181)
at org.openqa.selenium.chrome.ChromeDriver.<init>(ChromeDriver.java:168)
at org.openqa.selenium.chrome.ChromeDriver.<init>(ChromeDriver.java:123)
at Helper.BrowserFactoryHelper.startBrowser(BrowserFactoryHelper.java:19)
at Common.BaseClass.setupApplication(BaseClass.java:58)
at java.base/jdk.internal.reflect.NativeMethodAccessorImpl.invoke0(Native Method)
at java.base/jdk.internal.reflect.NativeMethodAccessorImpl.invoke(NativeMethodAccessorImpl.java:64)
at java.base/jdk.internal.reflect.DelegatingMethodAccessorImpl.invoke(DelegatingMethodAccessorImpl.java:43)
at java.base/java.lang.reflect.Method.invoke(Method.java:564)
at org.testng.internal.MethodInvocationHelper.invokeMethod(MethodInvocationHelper.java:132)
at org.testng.internal.MethodInvocationHelper.invokeMethodConsideringTimeout(MethodInvocationHelper.java:61)
at org.testng.internal.ConfigInvoker.invokeConfigurationMethod(ConfigInvoker.java:366)
at org.testng.internal.ConfigInvoker.invokeConfigurations(ConfigInvoker.java:320)
at org.testng.SuiteRunner.privateRun(SuiteRunner.java:327)
at org.testng.SuiteRunner.run(SuiteRunner.java:286)
at org.testng.SuiteRunnerWorker.runSuite(SuiteRunnerWorker.java:53)
at org.testng.SuiteRunnerWorker.run(SuiteRunnerWorker.java:96)
at org.testng.TestNG.runSuitesSequentially(TestNG.java:1218)
at org.testng.TestNG.runSuitesLocally(TestNG.java:1140)
at org.testng.TestNG.runSuites(TestNG.java:1069)
at org.testng.TestNG.run(TestNG.java:1037)
at org.testng.remote.AbstractRemoteTestNG.run(AbstractRemoteTestNG.java:115)
at org.testng.remote.RemoteTestNG.initAndRun(RemoteTestNG.java:251)
at org.testng.remote.RemoteTestNG.main(RemoteTestNG.java:77)
]]>
            </full-stacktrace>
          </exception> <!-- org.openqa.selenium.SessionNotCreatedException -->
          <reporter-output>
          </reporter-output>
        </test-method> <!-- createIVRSurvey -->
        <test-method is-config="true" signature="closeApplication()[pri:0, instance:TestCases.IVRAUTO@2fb0623e]" started-at="2021-12-13T21:15:16 PKT" name="closeApplication" finished-at="1970-01-01T05:00:00 PKT" duration-ms="-1639412116319" status="SKIP">
          <reporter-output>
          </reporter-output>
        </test-method> <!-- closeApplication -->
      </class> <!-- TestCases.IVRAUTO -->
    </test> <!-- Default test -->
  </suite> <!-- Default suite -->
</testng-results>
